SF:/Users/caiquan/code/lib/byte_message/lib/src/models/layer1/inter_chip_models.dart
DA:53,5
DA:54,10
DA:55,10
DA:59,3
DA:67,2
DA:68,8
DA:74,1
DA:75,4
DA:77,0
DA:80,0
DA:81,0
DA:82,0
DA:83,0
DA:84,0
DA:85,0
DA:86,0
DA:87,0
DA:88,0
DA:89,0
DA:90,0
DA:91,0
DA:92,0
DA:93,0
DA:134,4
DA:142,4
DA:146,4
DA:147,10
DA:148,0
DA:150,10
DA:151,0
DA:153,6
DA:154,0
DA:156,12
DA:157,0
DA:159,10
DA:160,0
DA:162,16
DA:163,12
DA:164,2
DA:170,4
DA:171,8
DA:175,2
DA:176,2
DA:177,4
DA:183,3
DA:184,3
DA:185,4
DA:186,1
DA:187,3
DA:189,2
DA:193,6
DA:197,0
DA:205,0
DA:206,0
DA:207,0
DA:208,0
DA:209,0
DA:210,0
DA:211,0
DA:215,0
DA:217,0
DA:218,0
DA:219,0
DA:220,0
DA:221,0
DA:222,0
DA:223,0
DA:227,0
DA:230,0
DA:232,0
DA:233,0
DA:234,0
DA:235,0
DA:236,0
DA:237,0
DA:240,0
DA:242,0
DA:246,0
DA:247,0
DA:248,0
DA:249,0
DA:268,3
DA:272,3
DA:273,3
DA:274,6
DA:275,6
DA:280,2
DA:282,3
DA:283,4
DA:296,1
DA:298,1
DA:301,0
DA:303,0
DA:306,1
DA:309,1
DA:310,3
DA:311,3
DA:314,0
DA:315,0
LF:99
LH:45
end_of_record
SF:/Users/caiquan/code/lib/byte_message/lib/src/models/layer2/control_bus_models.dart
DA:28,3
DA:41,3
DA:42,3
DA:45,3
DA:46,10
DA:47,3
DA:50,1
DA:52,5
DA:54,1
DA:57,1
DA:58,3
DA:59,5
DA:60,4
DA:61,5
DA:66,1
DA:67,4
LF:16
LH:16
end_of_record
SF:/Users/caiquan/code/lib/byte_message/lib/src/models/layer2/dfu_models.dart
DA:36,3
DA:49,1
DA:50,3
DA:53,3
DA:56,2
DA:57,2
DA:59,5
DA:60,1
DA:74,3
DA:75,6
DA:78,3
DA:79,3
DA:80,10
DA:81,3
DA:96,1
DA:97,4
DA:98,1
DA:104,0
DA:106,0
DA:108,0
DA:111,0
DA:112,0
DA:113,0
DA:114,0
DA:115,0
DA:120,0
DA:122,0
LF:27
LH:17
end_of_record
SF:/Users/caiquan/code/lib/byte_message/lib/src/constants/packet_constants.dart
DA:7,0
DA:119,4
DA:120,8
DA:127,2
DA:128,4
DA:135,0
DA:136,0
DA:143,3
DA:144,6
DA:151,3
DA:152,6
DA:159,1
DA:160,1
DA:168,2
DA:173,2
DA:174,2
LF:16
LH:13
end_of_record
SF:/Users/caiquan/code/lib/byte_message/lib/src/utils/packet_utils.dart
DA:11,0
DA:20,3
DA:21,3
DA:22,1
DA:24,3
DA:25,1
DA:27,6
DA:34,2
DA:35,2
DA:36,1
DA:38,8
DA:47,4
DA:49,8
DA:50,4
DA:51,1
DA:53,4
DA:63,2
DA:64,2
DA:65,0
DA:67,4
DA:76,4
DA:77,8
DA:84,1
DA:87,1
DA:98,1
DA:99,1
DA:106,1
DA:107,1
DA:116,1
DA:117,1
DA:118,1
DA:122,1
DA:127,1
DA:134,4
DA:135,4
DA:142,1
DA:143,2
DA:144,1
DA:155,1
DA:156,1
DA:157,1
DA:160,1
DA:164,1
DA:165,4
DA:166,2
DA:167,2
DA:169,2
DA:170,1
DA:175,1
DA:176,1
DA:178,1
DA:179,1
DA:181,1
DA:185,2
DA:186,0
DA:189,1
DA:190,1
DA:191,2
DA:193,1
DA:196,2
DA:197,2
DA:199,2
DA:200,1
DA:201,3
DA:203,0
DA:214,1
DA:216,5
DA:217,1
DA:224,1
DA:227,1
DA:228,1
DA:229,2
DA:230,1
DA:232,1
DA:233,1
DA:236,3
DA:237,1
DA:240,1
DA:241,3
DA:242,2
DA:244,1
DA:245,1
DA:247,0
DA:260,1
DA:261,1
DA:263,1
DA:264,3
DA:265,3
DA:267,1
DA:268,2
DA:269,2
DA:272,1
LF:92
LH:87
end_of_record
SF:/Users/caiquan/code/lib/byte_message/lib/src/protocols/layer1/inter_chip_encoder.dart
DA:17,3
DA:19,3
DA:22,3
DA:26,8
DA:29,3
DA:32,3
DA:35,3
DA:38,6
DA:40,1
DA:41,1
DA:44,3
DA:48,9
DA:51,6
DA:52,6
DA:56,6
DA:58,3
DA:59,1
DA:60,2
DA:61,3
DA:66,0
DA:67,0
DA:69,0
DA:70,0
DA:73,2
DA:75,2
DA:78,3
DA:81,5
DA:82,0
DA:86,9
DA:87,0
DA:91,9
DA:92,0
DA:93,0
DA:104,9
DA:106,4
DA:108,2
DA:109,0
DA:110,0
DA:113,2
DA:115,0
DA:116,0
DA:117,0
DA:118,0
DA:121,4
DA:125,0
DA:141,2
DA:143,4
DA:152,2
DA:153,2
DA:157,2
LF:50
LH:35
end_of_record
SF:/Users/caiquan/code/lib/byte_message/lib/src/protocols/layer2/control_bus/control_bus_encoder.dart
DA:21,2
DA:23,6
LF:2
LH:2
end_of_record
SF:/Users/caiquan/code/lib/byte_message/lib/src/protocols/layer2/dfu/dfu_encoder.dart
DA:21,2
DA:23,8
LF:2
LH:2
end_of_record
SF:/Users/caiquan/code/lib/byte_message/lib/src/protocols/layer1/inter_chip_decoder.dart
DA:13,3
DA:15,3
DA:19,3
DA:23,6
DA:26,3
DA:29,3
DA:31,2
DA:34,3
DA:37,6
DA:40,3
DA:44,6
DA:45,3
DA:46,3
DA:50,6
DA:55,3
DA:56,6
DA:60,3
DA:63,3
DA:69,3
DA:70,3
DA:72,3
DA:76,3
DA:77,3
DA:78,3
DA:79,6
DA:82,3
DA:87,3
DA:88,3
DA:89,6
DA:92,3
DA:96,3
DA:97,3
DA:103,3
DA:104,3
DA:105,7
DA:106,4
DA:118,3
DA:120,3
DA:121,0
DA:124,3
DA:125,3
DA:128,3
DA:129,6
DA:130,0
DA:133,3
DA:136,3
DA:138,3
DA:144,6
DA:147,3
DA:148,9
DA:154,3
DA:155,3
DA:157,3
DA:161,3
DA:166,6
DA:167,3
DA:168,3
DA:172,6
DA:178,1
DA:180,1
DA:185,2
DA:186,1
DA:189,3
DA:194,1
DA:195,3
DA:197,1
DA:201,2
DA:202,1
DA:203,1
DA:212,1
DA:213,1
DA:216,2
DA:218,1
DA:219,1
DA:221,3
DA:227,2
DA:230,1
DA:232,1
DA:233,1
DA:236,0
DA:243,1
DA:246,3
DA:251,3
DA:256,1
DA:258,1
DA:264,2
DA:266,1
DA:267,1
DA:268,1
LF:89
LH:86
end_of_record
SF:/Users/caiquan/code/lib/byte_message/lib/src/protocols/layer2/control_bus/control_bus_decoder.dart
DA:24,2
DA:26,2
DA:29,2
LF:3
LH:3
end_of_record
SF:/Users/caiquan/code/lib/byte_message/lib/src/protocols/layer2/dfu/dfu_decoder.dart
DA:24,2
DA:26,4
DA:29,2
LF:3
LH:3
end_of_record
SF:/Users/caiquan/code/lib/byte_message/lib/src/protocols/layer3/control_bus/get_device_connection.dart
DA:29,1
DA:31,2
DA:38,1
DA:39,2
DA:66,1
DA:84,1
DA:86,2
DA:87,0
DA:88,0
DA:93,1
DA:95,2
DA:96,2
DA:97,2
DA:98,2
DA:99,2
DA:102,1
DA:103,3
DA:104,1
DA:106,1
DA:109,1
DA:113,1
DA:118,4
DA:120,1
DA:128,0
DA:130,0
LF:25
LH:21
end_of_record
SF:/Users/caiquan/code/lib/byte_message/lib/src/protocols/layer3/control_bus/get_battery_status.dart
DA:22,0
DA:49,1
DA:70,1
DA:72,2
DA:73,0
DA:74,0
DA:78,1
DA:79,1
DA:82,1
DA:83,1
DA:85,2
DA:86,0
DA:89,1
DA:91,1
DA:106,1
DA:108,2
DA:113,0
LF:17
LH:12
end_of_record
SF:/Users/caiquan/code/lib/byte_message/lib/src/protocols/layer3/control_bus/get_electrical_metrics.dart
DA:22,1
DA:42,2
DA:55,2
DA:57,4
DA:58,0
DA:59,0
DA:64,4
DA:65,4
DA:67,2
DA:70,0
DA:72,0
LF:11
LH:7
end_of_record
SF:/Users/caiquan/code/lib/byte_message/lib/src/protocols/layer3/control_bus/get_device_status.dart
DA:22,1
DA:42,1
DA:55,1
DA:57,2
DA:58,0
DA:59,0
DA:63,2
DA:64,1
DA:65,2
DA:67,1
DA:70,0
DA:72,0
DA:84,2
DA:85,3
DA:86,0
LF:15
LH:10
end_of_record
SF:/Users/caiquan/code/lib/byte_message/lib/src/protocols/layer3/control_bus/get_operating_mode.dart
DA:18,0
DA:33,1
DA:43,1
DA:44,2
DA:45,0
DA:46,0
DA:49,2
DA:50,1
DA:51,1
DA:54,0
DA:55,0
DA:72,1
DA:73,1
DA:74,3
DA:75,3
LF:15
LH:10
end_of_record
SF:/Users/caiquan/code/lib/byte_message/lib/src/protocols/layer3/control_bus/get_speed_gear.dart
DA:40,1
DA:41,1
DA:42,2
DA:43,2
DA:45,0
DA:56,1
DA:70,1
DA:80,1
DA:81,2
DA:82,0
DA:83,0
DA:86,2
DA:87,1
DA:88,1
DA:91,0
DA:93,0
LF:16
LH:11
end_of_record
SF:/Users/caiquan/code/lib/byte_message/lib/src/protocols/layer3/control_bus/set_pushrod_speed.dart
DA:35,1
DA:45,1
DA:46,1
DA:47,3
DA:48,3
DA:49,3
DA:50,3
DA:59,9
DA:65,2
DA:66,2
DA:67,1
DA:68,2
LF:12
LH:12
end_of_record
SF:/Users/caiquan/code/lib/byte_message/lib/src/protocols/layer3/control_bus/set_speed.dart
DA:26,1
DA:32,1
DA:33,2
DA:34,2
DA:35,2
DA:43,9
DA:49,2
DA:50,2
DA:51,1
DA:52,2
LF:10
LH:10
end_of_record
SF:/Users/caiquan/code/lib/byte_message/lib/src/protocols/layer3/control_bus/set_operating_mode.dart
DA:16,1
DA:22,1
DA:23,4
DA:32,9
LF:4
LH:4
end_of_record
SF:/Users/caiquan/code/lib/byte_message/lib/src/protocols/layer3/control_bus/set_speed_gear.dart
DA:16,1
DA:22,1
DA:23,4
DA:32,9
LF:4
LH:4
end_of_record
SF:/Users/caiquan/code/lib/byte_message/lib/src/protocols/layer3/control_bus/set_joystick.dart
DA:27,1
DA:37,1
DA:38,2
DA:39,2
DA:40,2
DA:42,1
DA:43,3
DA:44,3
DA:45,3
DA:50,1
DA:51,3
DA:52,1
DA:61,1
DA:62,1
DA:63,1
DA:64,3
DA:73,9
LF:17
LH:17
end_of_record
SF:/Users/caiquan/code/lib/byte_message/lib/src/protocols/layer3/control_bus/set_fold_state.dart
DA:28,1
DA:29,1
DA:30,2
DA:31,2
DA:33,3
DA:46,2
DA:53,2
DA:54,6
DA:55,2
DA:56,2
DA:63,9
LF:11
LH:11
end_of_record
SF:/Users/caiquan/code/lib/byte_message/lib/src/protocols/layer3/dfu/get_device_info.dart
DA:30,1
DA:85,1
DA:109,1
DA:111,2
DA:112,0
DA:113,0
DA:118,1
DA:119,1
DA:120,1
DA:121,1
DA:122,1
DA:123,1
DA:124,1
DA:125,1
DA:126,1
DA:127,1
DA:128,1
DA:132,2
DA:133,2
DA:134,2
DA:136,3
DA:138,1
DA:153,0
DA:155,0
LF:24
LH:20
end_of_record
SF:/Users/caiquan/code/lib/byte_message/lib/src/protocols/layer3/dfu/start_upgrade.dart
DA:21,1
DA:37,1
DA:52,1
DA:54,2
DA:55,0
DA:56,0
DA:61,1
DA:62,1
DA:65,2
DA:66,2
DA:68,1
DA:74,0
DA:76,0
LF:13
LH:9
end_of_record
SF:/Users/caiquan/code/lib/byte_message/lib/src/protocols/layer3/dfu/finish_upgrade.dart
DA:21,1
DA:37,2
DA:52,2
DA:54,4
DA:55,1
DA:56,2
DA:61,2
DA:62,2
DA:65,4
DA:66,4
DA:68,2
DA:74,1
DA:76,4
LF:13
LH:13
end_of_record
SF:/Users/caiquan/code/lib/byte_message/lib/src/protocols/layer3/dfu/write_upgrade_chunk.dart
DA:37,3
DA:46,1
DA:51,1
DA:53,4
DA:54,0
DA:56,4
DA:57,0
DA:59,4
DA:60,0
DA:62,2
DA:63,0
DA:64,0
DA:66,2
DA:67,2
DA:68,0
DA:77,1
DA:78,1
DA:79,3
DA:80,3
DA:81,3
DA:82,3
DA:83,2
DA:99,1
DA:105,3
DA:121,1
DA:136,1
DA:138,2
DA:139,0
DA:140,0
DA:145,1
DA:146,1
DA:149,2
DA:151,3
DA:153,1
DA:159,0
DA:161,0
DA:172,1
DA:173,1
DA:174,3
DA:175,0
DA:176,0
LF:41
LH:29
end_of_record
SF:/Users/caiquan/code/lib/byte_message/lib/src/factories/control_bus_factory.dart
DA:58,1
DA:63,1
DA:64,1
DA:67,1
DA:71,2
DA:74,1
DA:80,2
DA:95,1
DA:100,2
DA:103,1
DA:107,2
DA:110,1
DA:116,2
DA:124,1
DA:126,2
DA:128,0
DA:131,2
DA:132,0
DA:135,1
DA:138,1
DA:139,0
DA:140,0
DA:146,2
DA:150,1
DA:153,2
DA:155,0
DA:158,2
DA:159,0
DA:162,1
DA:165,6
DA:166,0
DA:167,0
DA:171,1
DA:172,2
DA:174,0
DA:189,0
DA:191,0
DA:194,0
DA:198,0
DA:201,0
DA:207,0
DA:215,1
DA:217,2
DA:219,0
DA:222,2
DA:223,0
DA:226,1
DA:229,2
DA:230,0
DA:231,0
DA:236,1
DA:237,2
DA:251,1
DA:253,2
DA:256,1
DA:260,2
DA:263,1
DA:269,2
DA:283,1
DA:285,2
DA:288,1
DA:292,2
DA:295,1
DA:301,2
DA:315,0
DA:317,0
DA:320,0
DA:324,0
DA:327,0
DA:333,0
DA:348,0
DA:353,0
DA:356,0
DA:360,0
DA:363,0
DA:369,0
DA:385,0
DA:391,0
DA:394,0
DA:397,0
DA:401,0
DA:404,0
DA:410,0
DA:418,1
DA:420,2
DA:422,0
DA:425,2
DA:426,0
DA:429,1
DA:432,2
DA:433,1
DA:434,2
DA:439,1
DA:440,2
DA:454,1
DA:456,2
DA:459,1
DA:463,2
DA:466,1
DA:472,2
DA:486,1
DA:488,2
DA:491,1
DA:495,2
DA:498,1
DA:504,2
DA:518,1
DA:520,2
DA:523,1
DA:527,2
DA:530,1
DA:536,2
DA:544,1
DA:546,2
DA:548,0
DA:551,2
DA:552,0
DA:555,1
DA:558,2
DA:559,1
DA:560,2
DA:565,1
DA:566,2
DA:574,1
DA:576,2
DA:578,0
DA:581,2
DA:582,0
DA:585,1
DA:588,2
DA:589,1
DA:590,2
DA:595,1
DA:596,2
DA:604,1
DA:606,2
DA:608,0
DA:611,2
DA:612,0
DA:615,1
DA:618,2
DA:619,1
DA:620,2
DA:625,1
DA:626,2
DA:634,1
DA:636,2
DA:638,0
DA:641,2
DA:642,0
DA:645,1
DA:648,2
DA:649,1
DA:650,2
DA:655,1
DA:656,2
DA:664,1
DA:666,2
DA:668,0
DA:671,2
DA:672,0
DA:675,1
DA:678,1
DA:679,1
DA:680,2
DA:685,1
DA:686,2
DA:701,0
DA:706,0
DA:709,0
DA:713,0
DA:716,0
DA:722,0
DA:737,1
DA:742,2
DA:745,1
DA:749,2
DA:752,1
DA:758,2
DA:773,1
DA:778,2
DA:781,1
DA:785,2
DA:788,1
DA:794,2
DA:802,1
DA:804,2
DA:806,0
DA:809,2
DA:810,0
DA:813,1
DA:816,1
DA:817,0
DA:818,0
DA:824,2
DA:832,1
DA:835,2
DA:837,0
DA:840,2
DA:841,0
DA:844,1
DA:847,1
DA:848,1
DA:849,2
DA:855,2
DA:863,1
DA:865,2
DA:867,0
DA:870,2
DA:871,0
DA:874,1
DA:877,1
DA:878,1
DA:879,2
DA:885,2
DA:903,0
DA:911,0
DA:916,0
DA:919,0
DA:923,0
DA:926,0
DA:932,0
DA:949,0
DA:957,0
DA:960,0
DA:964,0
DA:967,0
DA:973,0
DA:981,1
DA:983,2
DA:985,0
DA:988,2
DA:989,0
DA:992,1
DA:995,1
DA:996,0
DA:997,0
DA:1003,2
DA:1011,1
DA:1013,2
DA:1015,0
DA:1018,2
DA:1019,0
DA:1022,1
DA:1025,1
DA:1026,0
DA:1027,0
DA:1032,1
DA:1033,2
DA:1041,1
DA:1044,2
DA:1046,0
DA:1049,2
DA:1050,0
DA:1053,1
DA:1056,1
DA:1057,0
DA:1058,0
DA:1064,2
DA:1072,1
DA:1075,2
DA:1077,0
DA:1080,2
DA:1081,0
DA:1084,1
DA:1087,2
DA:1088,1
DA:1089,2
DA:1094,1
DA:1095,2
LF:270
LH:179
end_of_record
SF:/Users/caiquan/code/lib/byte_message/lib/src/factories/dfu_factory.dart
DA:36,1
DA:38,2
DA:41,1
DA:46,2
DA:49,1
DA:55,2
DA:63,1
DA:65,2
DA:67,0
DA:70,2
DA:71,2
DA:74,1
DA:77,2
DA:78,1
DA:79,2
DA:84,1
DA:85,2
DA:99,1
DA:101,2
DA:104,1
DA:109,2
DA:112,1
DA:118,2
DA:126,1
DA:128,2
DA:130,0
DA:133,2
DA:134,0
DA:137,1
DA:140,2
DA:141,0
DA:142,0
DA:147,1
DA:148,2
DA:162,0
DA:164,0
DA:167,0
DA:172,0
DA:175,0
DA:181,0
DA:189,1
DA:191,2
DA:193,0
DA:196,2
DA:197,0
DA:200,1
DA:203,2
DA:204,0
DA:205,0
DA:210,1
DA:211,2
DA:227,1
DA:233,2
DA:236,1
DA:241,2
DA:244,1
DA:250,2
DA:258,1
DA:260,2
DA:262,0
DA:265,2
DA:266,0
DA:269,1
DA:272,2
DA:273,0
DA:274,0
DA:279,1
DA:280,2
LF:68
LH:49
end_of_record
SF:/Users/caiquan/code/lib/byte_message/lib/src/models/decode_result.dart
DA:23,1
LF:1
LH:1
end_of_record
SF:/Users/caiquan/code/lib/byte_message/lib/src/protocols/layer3/control_bus/get_device_language.dart
DA:32,2
DA:33,2
DA:34,4
DA:35,4
DA:37,1
DA:38,2
DA:49,2
DA:63,2
DA:73,2
DA:74,4
DA:75,1
DA:76,2
DA:79,4
DA:80,2
DA:81,2
DA:84,1
DA:86,6
LF:17
LH:17
end_of_record
SF:/Users/caiquan/code/lib/byte_message/lib/src/protocols/layer3/control_bus/set_device_language.dart
DA:16,1
DA:22,1
DA:23,4
DA:32,9
LF:4
LH:4
end_of_record
SF:/Users/caiquan/code/lib/byte_message/lib/src/protocols/layer3/control_bus/get_mute_status.dart
DA:32,1
DA:33,1
DA:34,2
DA:35,2
DA:37,0
DA:48,1
DA:62,1
DA:72,1
DA:73,2
DA:74,0
DA:75,0
DA:78,2
DA:79,1
DA:80,1
DA:83,0
DA:85,0
LF:16
LH:11
end_of_record
SF:/Users/caiquan/code/lib/byte_message/lib/src/protocols/layer3/control_bus/set_mute_status.dart
DA:16,1
DA:22,1
DA:23,4
DA:32,9
LF:4
LH:4
end_of_record
SF:/Users/caiquan/code/lib/byte_message/lib/src/models/layer2/control_bus_cmd.dart
DA:8,0
LF:1
LH:0
end_of_record
SF:/Users/caiquan/code/lib/byte_message/lib/src/models/layer2/dfu_cmd.dart
DA:8,0
LF:1
LH:0
end_of_record
SF:/Users/caiquan/code/lib/byte_message/lib/src/utils/validation.dart
DA:17,2
DA:18,4
DA:19,0
LF:3
LH:2
end_of_record
SF:/Users/caiquan/code/lib/byte_message/lib/src/utils/byte_packing.dart
DA:18,1
DA:20,7
DA:35,2
DA:36,4
DA:37,4
DA:38,2
DA:39,2
DA:48,1
DA:49,1
DA:50,1
DA:51,3
DA:61,1
DA:62,1
DA:63,1
DA:64,5
DA:73,2
DA:74,4
DA:75,2
DA:76,2
DA:85,1
DA:86,1
DA:87,1
DA:88,5
DA:101,2
DA:102,4
DA:103,0
DA:105,4
DA:106,4
DA:107,4
DA:120,2
DA:121,4
DA:122,0
DA:124,4
DA:125,4
DA:126,4
DA:127,4
DA:128,12
DA:132,0
DA:133,0
DA:142,2
DA:143,6
DA:144,6
DA:145,6
DA:146,4
DA:147,2
DA:156,1
DA:157,3
DA:158,2
DA:159,1
DA:176,2
DA:177,4
LF:51
LH:47
end_of_record
